# JRE version: OpenJDK Runtime Environment (8.0_202) (build 1.8.0_202-release-1483-b49-5587405)
# Java VM: OpenJDK 64-Bit Server VM (25.202-b49-5587405 mixed mode linux-amd64 compressed oops)
Heap:
 PSYoungGen      total 349696K, used 0K [0x00000000e0000000, 0x0000000100000000, 0x0000000100000000)
  eden space 175104K, 0% used [0x00000000e0000000,0x00000000e0000000,0x00000000eab00000)
  from space 174592K, 0% used [0x00000000eab00000,0x00000000eab00000,0x00000000f5580000)
  to   space 174592K, 0% used [0x00000000f5580000,0x00000000f5580000,0x0000000100000000)
 ParOldGen       total 238080K, used 216599K [0x00000000a0000000, 0x00000000ae880000, 0x00000000e0000000)
  object space 238080K, 90% used [0x00000000a0000000,0x00000000ad385ef8,0x00000000ae880000)
 Metaspace       used 143917K, capacity 152194K, committed 154008K, reserved 1183744K
  class space    used 18355K, capacity 19783K, committed 20136K, reserved 1048576K
GC Heap History (10 events):
Event: 6914.182 GC heap after
Heap after GC invocations=54 (full 5):
 PSYoungGen      total 381952K, used 142310K [0x00000000e0000000, 0x0000000100000000, 0x0000000100000000)
  eden space 239616K, 0% used [0x00000000e0000000,0x00000000e0000000,0x00000000eea00000)
  from space 142336K, 99% used [0x00000000eea00000,0x00000000f74f9ad0,0x00000000f7500000)
  to   space 142336K, 0% used [0x00000000f7500000,0x00000000f7500000,0x0000000100000000)
 ParOldGen       total 230400K, used 148605K [0x00000000a0000000, 0x00000000ae100000, 0x00000000e0000000)
  object space 230400K, 64% used [0x00000000a0000000,0x00000000a911f508,0x00000000ae100000)
 Metaspace       used 143222K, capacity 151326K, committed 153240K, reserved 1181696K
  class space    used 18269K, capacity 19699K, committed 20136K, reserved 1048576K
}
Event: 6918.871 GC heap before
{Heap before GC invocations=55 (full 5):
 PSYoungGen      total 381952K, used 381926K [0x00000000e0000000, 0x0000000100000000, 0x0000000100000000)
  eden space 239616K, 100% used [0x00000000e0000000,0x00000000eea00000,0x00000000eea00000)
  from space 142336K, 99% used [0x00000000eea00000,0x00000000f74f9ad0,0x00000000f7500000)
  to   space 142336K, 0% used [0x00000000f7500000,0x00000000f7500000,0x0000000100000000)
 ParOldGen       total 230400K, used 148605K [0x00000000a0000000, 0x00000000ae100000, 0x00000000e0000000)
  object space 230400K, 64% used [0x00000000a0000000,0x00000000a911f508,0x00000000ae100000)
 Metaspace       used 143276K, capacity 151350K, committed 153240K, reserved 1181696K
  class space    used 18275K, capacity 19703K, committed 20136K, reserved 1048576K
Event: 6919.319 GC heap after
Heap after GC invocations=55 (full 5):
 PSYoungGen      total 317440K, used 131389K [0x00000000e0000000, 0x0000000100000000, 0x0000000100000000)
  eden space 175104K, 0% used [0x00000000e0000000,0x00000000e0000000,0x00000000eab00000)
  from space 142336K, 92% used [0x00000000f7500000,0x00000000ff54f518,0x0000000100000000)
  to   space 174592K, 0% used [0x00000000eab00000,0x00000000eab00000,0x00000000f5580000)
 ParOldGen       total 230400K, used 185774K [0x00000000a0000000, 0x00000000ae100000, 0x00000000e0000000)
  object space 230400K, 80% used [0x00000000a0000000,0x00000000ab56b990,0x00000000ae100000)
 Metaspace       used 143276K, capacity 151350K, committed 153240K, reserved 1181696K
  class space    used 18275K, capacity 19703K, committed 20136K, reserved 1048576K
}
Event: 6931.791 GC heap before
{Heap before GC invocations=56 (full 5):
 PSYoungGen      total 317440K, used 306493K [0x00000000e0000000, 0x0000000100000000, 0x0000000100000000)
  eden space 175104K, 100% used [0x00000000e0000000,0x00000000eab00000,0x00000000eab00000)
  from space 142336K, 92% used [0x00000000f7500000,0x00000000ff54f518,0x0000000100000000)
  to   space 174592K, 0% used [0x00000000eab00000,0x00000000eab00000,0x00000000f5580000)
 ParOldGen       total 230400K, used 185774K [0x00000000a0000000, 0x00000000ae100000, 0x00000000e0000000)
  object space 230400K, 80% used [0x00000000a0000000,0x00000000ab56b990,0x00000000ae100000)
 Metaspace       used 143960K, capacity 152260K, committed 154008K, reserved 1183744K
  class space    used 18361K, capacity 19794K, committed 20136K, reserved 1048576K
Event: 6932.180 GC heap after
Heap after GC invocations=56 (full 5):
 PSYoungGen      total 349696K, used 149455K [0x00000000e0000000, 0x0000000100000000, 0x0000000100000000)
  eden space 175104K, 0% used [0x00000000e0000000,0x00000000e0000000,0x00000000eab00000)
  from space 174592K, 85% used [0x00000000eab00000,0x00000000f3cf3ee0,0x00000000f5580000)
  to   space 174592K, 0% used [0x00000000f5580000,0x00000000f5580000,0x0000000100000000)
 ParOldGen       total 230400K, used 186810K [0x00000000a0000000, 0x00000000ae100000, 0x00000000e0000000)
  object space 230400K, 81% used [0x00000000a0000000,0x00000000ab66e9d0,0x00000000ae100000)
 Metaspace       used 143960K, capacity 152260K, committed 154008K, reserved 1183744K
  class space    used 18361K, capacity 19794K, committed 20136K, reserved 1048576K
}
Event: 6932.931 GC heap before
{Heap before GC invocations=57 (full 5):
 PSYoungGen      total 349696K, used 324559K [0x00000000e0000000, 0x0000000100000000, 0x0000000100000000)
  eden space 175104K, 100% used [0x00000000e0000000,0x00000000eab00000,0x00000000eab00000)
  from space 174592K, 85% used [0x00000000eab00000,0x00000000f3cf3ee0,0x00000000f5580000)
  to   space 174592K, 0% used [0x00000000f5580000,0x00000000f5580000,0x0000000100000000)
 ParOldGen       total 230400K, used 186810K [0x00000000a0000000, 0x00000000ae100000, 0x00000000e0000000)
  object space 230400K, 81% used [0x00000000a0000000,0x00000000ab66e9d0,0x00000000ae100000)
 Metaspace       used 143960K, capacity 152260K, committed 154008K, reserved 1183744K
  class space    used 18361K, capacity 19794K, committed 20136K, reserved 1048576K
Event: 6933.364 GC heap after
Heap after GC invocations=57 (full 5):
 PSYoungGen      total 349696K, used 129608K [0x00000000e0000000, 0x0000000100000000, 0x0000000100000000)
  eden space 175104K, 0% used [0x00000000e0000000,0x00000000e0000000,0x00000000eab00000)
  from space 174592K, 74% used [0x00000000f5580000,0x00000000fd412268,0x0000000100000000)
  to   space 174592K, 0% used [0x00000000eab00000,0x00000000eab00000,0x00000000f5580000)
 ParOldGen       total 230400K, used 200018K [0x00000000a0000000, 0x00000000ae100000, 0x00000000e0000000)
  object space 230400K, 86% used [0x00000000a0000000,0x00000000ac354b38,0x00000000ae100000)
 Metaspace       used 143960K, capacity 152260K, committed 154008K, reserved 1183744K
  class space    used 18361K, capacity 19794K, committed 20136K, reserved 1048576K
}
Event: 6934.418 GC heap before
{Heap before GC invocations=58 (full 5):
 PSYoungGen      total 349696K, used 304712K [0x00000000e0000000, 0x0000000100000000, 0x0000000100000000)
  eden space 175104K, 100% used [0x00000000e0000000,0x00000000eab00000,0x00000000eab00000)
  from space 174592K, 74% used [0x00000000f5580000,0x00000000fd412268,0x0000000100000000)
  to   space 174592K, 0% used [0x00000000eab00000,0x00000000eab00000,0x00000000f5580000)
 ParOldGen       total 230400K, used 200018K [0x00000000a0000000, 0x00000000ae100000, 0x00000000e0000000)
  object space 230400K, 86% used [0x00000000a0000000,0x00000000ac354b38,0x00000000ae100000)
 Metaspace       used 143960K, capacity 152260K, committed 154008K, reserved 1183744K
  class space    used 18361K, capacity 19794K, committed 20136K, reserved 1048576K
Event: 6959.031 GC heap after
Heap after GC invocations=58 (full 5):
 PSYoungGen      total 349696K, used 92095K [0x00000000e0000000, 0x0000000100000000, 0x0000000100000000)
  eden space 175104K, 0% used [0x00000000e0000000,0x00000000e0000000,0x00000000eab00000)
  from space 174592K, 52% used [0x00000000eab00000,0x00000000f04eff20,0x00000000f5580000)
  to   space 174592K, 0% used [0x00000000f5580000,0x00000000f5580000,0x0000000100000000)
 ParOldGen       total 238080K, used 237711K [0x00000000a0000000, 0x00000000ae880000, 0x00000000e0000000)
  object space 238080K, 99% used [0x00000000a0000000,0x00000000ae823c48,0x00000000ae880000)
 Metaspace       used 143960K, capacity 152260K, committed 154008K, reserved 1183744K
  class space    used 18361K, capacity 19794K, committed 20136K, reserved 1048576K
}
Event: 6959.201 GC heap before
{Heap before GC invocations=59 (full 6):
 PSYoungGen      total 349696K, used 92095K [0x00000000e0000000, 0x0000000100000000, 0x0000000100000000)
  eden space 175104K, 0% used [0x00000000e0000000,0x00000000e0000000,0x00000000eab00000)
  from space 174592K, 52% used [0x00000000eab00000,0x00000000f04eff20,0x00000000f5580000)
  to   space 174592K, 0% used [0x00000000f5580000,0x00000000f5580000,0x0000000100000000)
 ParOldGen       total 238080K, used 237711K [0x00000000a0000000, 0x00000000ae880000, 0x00000000e0000000)
  object space 238080K, 99% used [0x00000000a0000000,0x00000000ae823c48,0x00000000ae880000)
 Metaspace       used 143960K, capacity 152260K, committed 154008K, reserved 1183744K
  class space    used 18361K, capacity 19794K, committed 20136K, reserved 1048576K

